<!DOCTYPE HTML PUBLIC "-//W3C//DTD HTML 4.01//EN" "http://www.w3.org/TR/html4/strict.dtd">
<html>
<head>
<meta http-equiv="Content-Type" content="text/html; charset=utf-8"/>
<title>Test results - Class org.xbmc.kore.tests.ui.RestoreSearchQueryListFragmentTest</title>
<link href="css/base-style.css" rel="stylesheet" type="text/css"/>
<link href="css/style.css" rel="stylesheet" type="text/css"/>
<script src="js/report.js" type="text/javascript"></script>
</head>
<body>
<div id="content">
<h1>Class org.xbmc.kore.tests.ui.RestoreSearchQueryListFragmentTest</h1>
<div class="breadcrumbs">
<a href="index.html">all</a> &gt; 
<a href="org.xbmc.kore.tests.ui.html">org.xbmc.kore.tests.ui</a> &gt; RestoreSearchQueryListFragmentTest</div>
<div id="summary">
<table>
<tr>
<td>
<div class="summaryGroup">
<table>
<tr>
<td>
<div class="infoBox" id="tests">
<div class="counter">9</div>
<p>tests</p>
</div>
</td>
<td>
<div class="infoBox" id="failures">
<div class="counter">1</div>
<p>failures</p>
</div>
</td>
<td>
<div class="infoBox" id="duration">
<div class="counter">1m16.60s</div>
<p>duration</p>
</div>
</td>
</tr>
</table>
</div>
</td>
<td>
<div class="infoBox failures" id="successRate">
<div class="percent">88%</div>
<p>successful</p>
</div>
</td>
</tr>
</table>
</div>
<div id="tabs">
<ul class="tabLinks">
<li>
<a href="#tab0">Failed tests</a>
</li>
<li>
<a href="#tab1">Tests</a>
</li>
</ul>
<div id="tab0" class="tab">
<h2>Failed tests</h2>
<div class="test">
<a name="searchClickBackTest"></a>
<h3 class="failures">searchClickBackTest</h3>
<span class="code">
<pre>android.support.test.espresso.PerformException: Error performing 'single click - At Coordinates: 367, 47 and precision: 16, 16' on view 'with id: org.xbmc.kore.instrumentationtest:id/action_search'.
at android.support.test.espresso.PerformException$Builder.build(PerformException.java:83)
at android.support.test.espresso.base.DefaultFailureHandler.getUserFriendlyError(DefaultFailureHandler.java:80)
at android.support.test.espresso.base.DefaultFailureHandler.handle(DefaultFailureHandler.java:56)
at android.support.test.espresso.ViewInteraction.runSynchronouslyOnUiThread(ViewInteraction.java:184)
at android.support.test.espresso.ViewInteraction.doPerform(ViewInteraction.java:115)
at android.support.test.espresso.ViewInteraction.perform(ViewInteraction.java:87)
at org.xbmc.kore.testhelpers.EspressoTestUtils.clickMenuItem(EspressoTestUtils.java:66)
at org.xbmc.kore.testhelpers.EspressoTestUtils.clearSearchQuery(EspressoTestUtils.java:109)
at org.xbmc.kore.tests.ui.RestoreSearchQueryListFragmentTest.searchClickBackTest(RestoreSearchQueryListFragmentTest.java:103)
at java.lang.reflect.Method.invoke(Native Method)
at org.junit.runners.model.FrameworkMethod$1.runReflectiveCall(FrameworkMethod.java:50)
at org.junit.internal.runners.model.ReflectiveCallable.run(ReflectiveCallable.java:12)
at org.junit.runners.model.FrameworkMethod.invokeExplosively(FrameworkMethod.java:47)
at org.junit.internal.runners.statements.InvokeMethod.evaluate(InvokeMethod.java:17)
at org.junit.internal.runners.statements.RunBefores.evaluate(RunBefores.java:26)
at org.junit.internal.runners.statements.RunAfters.evaluate(RunAfters.java:27)
at android.support.test.internal.statement.UiThreadStatement.evaluate(UiThreadStatement.java:55)
at android.support.test.rule.ActivityTestRule$ActivityStatement.evaluate(ActivityTestRule.java:270)
at org.junit.rules.RunRules.evaluate(RunRules.java:20)
at org.junit.runners.ParentRunner.runLeaf(ParentRunner.java:325)
at org.junit.runners.BlockJUnit4ClassRunner.runChild(BlockJUnit4ClassRunner.java:78)
at org.junit.runners.BlockJUnit4ClassRunner.runChild(BlockJUnit4ClassRunner.java:57)
at org.junit.runners.ParentRunner$3.run(ParentRunner.java:290)
at org.junit.runners.ParentRunner$1.schedule(ParentRunner.java:71)
at org.junit.runners.ParentRunner.runChildren(ParentRunner.java:288)
at org.junit.runners.ParentRunner.access$000(ParentRunner.java:58)
at org.junit.runners.ParentRunner$2.evaluate(ParentRunner.java:268)
at org.junit.internal.runners.statements.RunAfters.evaluate(RunAfters.java:27)
at org.junit.runners.ParentRunner.run(ParentRunner.java:363)
at org.junit.runners.Suite.runChild(Suite.java:128)
at org.junit.runners.Suite.runChild(Suite.java:27)
at org.junit.runners.ParentRunner$3.run(ParentRunner.java:290)
at org.junit.runners.ParentRunner$1.schedule(ParentRunner.java:71)
at org.junit.runners.ParentRunner.runChildren(ParentRunner.java:288)
at org.junit.runners.ParentRunner.access$000(ParentRunner.java:58)
at org.junit.runners.ParentRunner$2.evaluate(ParentRunner.java:268)
at org.junit.runners.ParentRunner.run(ParentRunner.java:363)
at org.junit.runner.JUnitCore.run(JUnitCore.java:137)
at org.junit.runner.JUnitCore.run(JUnitCore.java:115)
at android.support.test.internal.runner.TestExecutor.execute(TestExecutor.java:59)
at android.support.test.runner.AndroidJUnitRunner.onStart(AndroidJUnitRunner.java:262)
at android.app.Instrumentation$InstrumentationThread.run(Instrumentation.java:1932)
Caused by: android.support.test.espresso.PerformException: Error performing 'click (after 3 attempts)' on view 'unknown'.
at android.support.test.espresso.PerformException$Builder.build(PerformException.java:83)
at android.support.test.espresso.action.MotionEvents.sendDown(MotionEvents.java:111)
at android.support.test.espresso.action.Tap.sendSingleTap(Tap.java:133)
at android.support.test.espresso.action.Tap.access$100(Tap.java:35)
at android.support.test.espresso.action.Tap$1.sendTap(Tap.java:40)
at android.support.test.espresso.action.GeneralClickAction.perform(GeneralClickAction.java:98)
at android.support.test.espresso.ViewInteraction$1.run(ViewInteraction.java:144)
at java.util.concurrent.Executors$RunnableAdapter.call(Executors.java:428)
at java.util.concurrent.FutureTask.run(FutureTask.java:237)
at android.os.Handler.handleCallback(Handler.java:751)
at android.os.Handler.dispatchMessage(Handler.java:95)
at android.os.Looper.loop(Looper.java:154)
at android.app.ActivityThread.main(ActivityThread.java:6119)
at java.lang.reflect.Method.invoke(Native Method)
at com.android.internal.os.ZygoteInit$MethodAndArgsCaller.run(ZygoteInit.java:886)
at com.android.internal.os.ZygoteInit.main(ZygoteInit.java:776)
</pre>
</span>
</div>
</div>
<div id="tab1" class="tab">
<h2>Tests</h2>
<table>
<thead>
<tr>
<th>Test</th>
<th>TESTE(AVD) - 7.1.1</th>
</tr>
</thead>
<tr>
<td>searchBackTest</td>
<td class="success">passed (8.169s)</td>
</tr>
<tr>
<td>searchClickBackBackTest</td>
<td class="success">passed (8.218s)</td>
</tr>
<tr>
<td>searchClickBackClearSearchClickBackTest</td>
<td class="success">passed (7.788s)</td>
</tr>
<tr>
<td>searchClickBackTest</td>
<td class="failures">failed (1.985s)</td>
</tr>
<tr>
<td>searchClickBackUpTest</td>
<td class="success">passed (9.473s)</td>
</tr>
<tr>
<td>searchClickRotateBackTest</td>
<td class="success">passed (18.796s)</td>
</tr>
<tr>
<td>searchUpTest</td>
<td class="success">passed (9.149s)</td>
</tr>
<tr>
<td>simpleRotateTest</td>
<td class="success">passed (8.593s)</td>
</tr>
<tr>
<td>simpleSearchTest</td>
<td class="success">passed (4.430s)</td>
</tr>
</table>
</div>
</div>
<div id="footer">
<p>Generated by 
<a href="http://www.gradle.org">Gradle 2.14.1</a> at 04/09/2017 20:05:10</p>
</div>
</div>
</body>