<!DOCTYPE HTML PUBLIC "-//W3C//DTD HTML 4.01//EN" "http://www.w3.org/TR/html4/strict.dtd">
<html>
<head>
<meta http-equiv="Content-Type" content="text/html; charset=utf-8"/>
<title>Test results - Class android.support.design.widget.PasswordTextInputTest</title>
<link href="css/base-style.css" rel="stylesheet" type="text/css"/>
<link href="css/style.css" rel="stylesheet" type="text/css"/>
<script src="js/report.js" type="text/javascript"></script>
</head>
<body>
<div id="content">
<h1>Class android.support.design.widget.PasswordTextInputTest</h1>
<div class="breadcrumbs">
<a href="index.html">all</a> &gt; 
<a href="android.support.design.widget.html">android.support.design.widget</a> &gt; PasswordTextInputTest</div>
<div id="summary">
<table>
<tr>
<td>
<div class="summaryGroup">
<table>
<tr>
<td>
<div class="infoBox" id="tests">
<div class="counter">2</div>
<p>tests</p>
</div>
</td>
<td>
<div class="infoBox" id="failures">
<div class="counter">2</div>
<p>failures</p>
</div>
</td>
<td>
<div class="infoBox" id="duration">
<div class="counter">0.228s</div>
<p>duration</p>
</div>
</td>
</tr>
</table>
</div>
</td>
<td>
<div class="infoBox failures" id="successRate">
<div class="percent">0%</div>
<p>successful</p>
</div>
</td>
</tr>
</table>
</div>
<div id="tabs">
<ul class="tabLinks">
<li>
<a href="#tab0">Failed tests</a>
</li>
<li>
<a href="#tab1">Tests</a>
</li>
</ul>
<div id="tab0" class="tab">
<h2>Failed tests</h2>
<div class="test">
<a name="testIsPasswordVisible"></a>
<h3 class="failures">testIsPasswordVisible</h3>
<span class="code">
<pre>org.junit.experimental.theories.internal.ParameterizedAssertionError: testIsPasswordVisible(&quot;true&quot; &lt;from bools&gt;)
at org.junit.experimental.theories.Theories$TheoryAnchor.reportParameterizedError(Theories.java:288)
at org.junit.experimental.theories.Theories$TheoryAnchor$1$1.evaluate(Theories.java:237)
at org.junit.experimental.theories.Theories$TheoryAnchor.runWithCompleteAssignment(Theories.java:218)
at org.junit.experimental.theories.Theories$TheoryAnchor.runWithAssignment(Theories.java:204)
at org.junit.experimental.theories.Theories$TheoryAnchor.runWithIncompleteAssignment(Theories.java:212)
at org.junit.experimental.theories.Theories$TheoryAnchor.runWithAssignment(Theories.java:202)
at org.junit.experimental.theories.Theories$TheoryAnchor.evaluate(Theories.java:187)
at org.junit.runners.ParentRunner.runLeaf(ParentRunner.java:325)
at org.junit.runners.BlockJUnit4ClassRunner.runChild(BlockJUnit4ClassRunner.java:78)
at org.junit.runners.BlockJUnit4ClassRunner.runChild(BlockJUnit4ClassRunner.java:57)
at org.junit.runners.ParentRunner$3.run(ParentRunner.java:290)
at org.junit.runners.ParentRunner$1.schedule(ParentRunner.java:71)
at org.junit.runners.ParentRunner.runChildren(ParentRunner.java:288)
at org.junit.runners.ParentRunner.access$000(ParentRunner.java:58)
at org.junit.runners.ParentRunner$2.evaluate(ParentRunner.java:268)
at org.junit.runners.ParentRunner.run(ParentRunner.java:363)
at org.junit.runners.Suite.runChild(Suite.java:128)
at org.junit.runners.Suite.runChild(Suite.java:27)
at org.junit.runners.ParentRunner$3.run(ParentRunner.java:290)
at org.junit.runners.ParentRunner$1.schedule(ParentRunner.java:71)
at org.junit.runners.ParentRunner.runChildren(ParentRunner.java:288)
at org.junit.runners.ParentRunner.access$000(ParentRunner.java:58)
at org.junit.runners.ParentRunner$2.evaluate(ParentRunner.java:268)
at org.junit.runners.ParentRunner.run(ParentRunner.java:363)
at org.junit.runner.JUnitCore.run(JUnitCore.java:137)
at org.junit.runner.JUnitCore.run(JUnitCore.java:115)
at android.support.test.internal.runner.TestExecutor.execute(TestExecutor.java:59)
at android.support.test.runner.AndroidJUnitRunner.onStart(AndroidJUnitRunner.java:262)
at android.app.Instrumentation$InstrumentationThread.run(Instrumentation.java:1932)
Caused by: java.lang.AssertionError:
Expected: is &lt;true&gt;
but: was &lt;false&gt;
at org.hamcrest.MatcherAssert.assertThat(MatcherAssert.java:20)
at org.hamcrest.MatcherAssert.assertThat(MatcherAssert.java:8)
at android.support.design.widget.PasswordTextInputTest.testIsPasswordVisible(PasswordTextInputTest.java:30)
at java.lang.reflect.Method.invoke(Native Method)
at org.junit.runners.model.FrameworkMethod$1.runReflectiveCall(FrameworkMethod.java:50)
at org.junit.internal.runners.model.ReflectiveCallable.run(ReflectiveCallable.java:12)
at org.junit.runners.model.FrameworkMethod.invokeExplosively(FrameworkMethod.java:47)
at org.junit.experimental.theories.Theories$TheoryAnchor$2.evaluate(Theories.java:274)
at org.junit.internal.runners.statements.RunBefores.evaluate(RunBefores.java:26)
at org.junit.experimental.theories.Theories$TheoryAnchor$1$1.evaluate(Theories.java:232)
... 27 more
</pre>
</span>
</div>
<div class="test">
<a name="testSetOnShowPasswordListener"></a>
<h3 class="failures">testSetOnShowPasswordListener</h3>
<span class="code">
<pre>org.junit.experimental.theories.internal.ParameterizedAssertionError: testSetOnShowPasswordListener(&quot;false&quot; &lt;from bools&gt;, &quot;false&quot; &lt;from bools&gt;)
at org.junit.experimental.theories.Theories$TheoryAnchor.reportParameterizedError(Theories.java:288)
at org.junit.experimental.theories.Theories$TheoryAnchor$1$1.evaluate(Theories.java:237)
at org.junit.experimental.theories.Theories$TheoryAnchor.runWithCompleteAssignment(Theories.java:218)
at org.junit.experimental.theories.Theories$TheoryAnchor.runWithAssignment(Theories.java:204)
at org.junit.experimental.theories.Theories$TheoryAnchor.runWithIncompleteAssignment(Theories.java:212)
at org.junit.experimental.theories.Theories$TheoryAnchor.runWithAssignment(Theories.java:202)
at org.junit.experimental.theories.Theories$TheoryAnchor.runWithIncompleteAssignment(Theories.java:212)
at org.junit.experimental.theories.Theories$TheoryAnchor.runWithAssignment(Theories.java:202)
at org.junit.experimental.theories.Theories$TheoryAnchor.evaluate(Theories.java:187)
at org.junit.runners.ParentRunner.runLeaf(ParentRunner.java:325)
at org.junit.runners.BlockJUnit4ClassRunner.runChild(BlockJUnit4ClassRunner.java:78)
at org.junit.runners.BlockJUnit4ClassRunner.runChild(BlockJUnit4ClassRunner.java:57)
at org.junit.runners.ParentRunner$3.run(ParentRunner.java:290)
at org.junit.runners.ParentRunner$1.schedule(ParentRunner.java:71)
at org.junit.runners.ParentRunner.runChildren(ParentRunner.java:288)
at org.junit.runners.ParentRunner.access$000(ParentRunner.java:58)
at org.junit.runners.ParentRunner$2.evaluate(ParentRunner.java:268)
at org.junit.runners.ParentRunner.run(ParentRunner.java:363)
at org.junit.runners.Suite.runChild(Suite.java:128)
at org.junit.runners.Suite.runChild(Suite.java:27)
at org.junit.runners.ParentRunner$3.run(ParentRunner.java:290)
at org.junit.runners.ParentRunner$1.schedule(ParentRunner.java:71)
at org.junit.runners.ParentRunner.runChildren(ParentRunner.java:288)
at org.junit.runners.ParentRunner.access$000(ParentRunner.java:58)
at org.junit.runners.ParentRunner$2.evaluate(ParentRunner.java:268)
at org.junit.runners.ParentRunner.run(ParentRunner.java:363)
at org.junit.runner.JUnitCore.run(JUnitCore.java:137)
at org.junit.runner.JUnitCore.run(JUnitCore.java:115)
at android.support.test.internal.runner.TestExecutor.execute(TestExecutor.java:59)
at android.support.test.runner.AndroidJUnitRunner.onStart(AndroidJUnitRunner.java:262)
at android.app.Instrumentation$InstrumentationThread.run(Instrumentation.java:1932)
Caused by: Argument(s) are different! Wanted:
onShowPasswordClickListener.onShowPasswordClick(
true
);
-&gt; at android.support.design.widget.PasswordTextInputTest.testSetOnShowPasswordListener(PasswordTextInputTest.java:42)
Actual invocation has different arguments:
onShowPasswordClickListener.onShowPasswordClick(
false
);
-&gt; at android.support.design.widget.PasswordTextInput.passwordVisibilityToggleRequested(PasswordTextInput.java:44)

at java.lang.reflect.Constructor.newInstance0(Native Method)
at java.lang.reflect.Constructor.newInstance(Constructor.java:430)
at android.support.design.widget.PasswordTextInputTest.testSetOnShowPasswordListener(PasswordTextInputTest.java:42)
at java.lang.reflect.Method.invoke(Native Method)
at org.junit.runners.model.FrameworkMethod$1.runReflectiveCall(FrameworkMethod.java:50)
at org.junit.internal.runners.model.ReflectiveCallable.run(ReflectiveCallable.java:12)
at org.junit.runners.model.FrameworkMethod.invokeExplosively(FrameworkMethod.java:47)
at org.junit.experimental.theories.Theories$TheoryAnchor$2.evaluate(Theories.java:274)
at org.junit.internal.runners.statements.RunBefores.evaluate(RunBefores.java:26)
at org.junit.experimental.theories.Theories$TheoryAnchor$1$1.evaluate(Theories.java:232)
... 29 more
</pre>
</span>
</div>
</div>
<div id="tab1" class="tab">
<h2>Tests</h2>
<table>
<thead>
<tr>
<th>Test</th>
<th>TESTE(AVD) - 7.1.1</th>
</tr>
</thead>
<tr>
<td>testIsPasswordVisible</td>
<td class="failures">failed (0.001s)</td>
</tr>
<tr>
<td>testSetOnShowPasswordListener</td>
<td class="failures">failed (0.227s)</td>
</tr>
</table>
</div>
</div>
<div id="footer">
<p>Generated by 
<a href="http://www.gradle.org">Gradle 2.14.1</a> at 28/12/2017 19:58:25</p>
</div>
</div>
</body>